<?xml version="1.0" encoding="UTF-8"?>
<!-- Generated by org.testng.reporters.JUnitXMLReporter -->
<testsuite ignored="0" hostname="DESKTOP-EP81H27" failures="0" tests="2" name="Test-Runner1" time="57.6" errors="0" timestamp="2025-05-03T17:48:40 IST">
  <testcase classname="InventoryTests.AddProductToCartTest" name="sample" time="0.012"/>
  <testcase classname="InventoryTests.AddProductToCartTest" name="tc_01_AddProductToCartTest" time="3.75"/>
</testsuite> <!-- Test-Runner1 -->
