<?xml version="1.0" encoding="UTF-8"?>
<!-- Generated by org.testng.reporters.JUnitXMLReporter -->
<testsuite ignored="0" hostname="DESKTOP-EP81H27" failures="0" tests="2" name="Test-Runner-edge" time="41.358" errors="0" timestamp="2025-05-05T17:08:45 IST">
  <testcase classname="InventoryTests.AddProductToCartTest" name="sample" time="0.02"/>
  <testcase classname="InventoryTests.AddProductToCartTest" name="tc_01_AddProductToCartTest" time="4.136"/>
</testsuite> <!-- Test-Runner-edge -->
