<?xml version="1.0" encoding="UTF-8"?>
<!-- Generated by org.testng.reporters.JUnitXMLReporter -->
<testsuite ignored="0" hostname="DESKTOP-EP81H27" failures="0" tests="2" name="Test-Runner2" time="56.866" errors="0" timestamp="2025-05-03T17:48:39 IST">
  <testcase classname="InventoryTests.AddLowestPriceProductToCartTest" name="sample" time="0.029"/>
  <testcase classname="InventoryTests.AddLowestPriceProductToCartTest" name="tc_01_AddLowestPriceProductToCartTest" time="9.043"/>
</testsuite> <!-- Test-Runner2 -->
