<?xml version="1.0" encoding="UTF-8"?>
<!-- Generated by org.testng.reporters.JUnitXMLReporter -->
<testsuite ignored="0" hostname="DESKTOP-EP81H27" failures="0" tests="2" name="Test-Runner-Firefox" time="42.257" errors="0" timestamp="2025-05-05T17:08:46 IST">
  <testcase classname="InventoryTests.AddProductToCartTest" name="sample" time="0.002"/>
  <testcase classname="InventoryTests.AddProductToCartTest" name="tc_01_AddProductToCartTest" time="3.786"/>
</testsuite> <!-- Test-Runner-Firefox -->
