<?xml version="1.0" encoding="UTF-8"?>
<!-- Generated by org.testng.reporters.JUnitReportReporter -->
<testsuite hostname="DESKTOP-EP81H27" failures="0" tests="1" name="InventoryTests.AddLowestPriceProductToCartTest" time="6.135" errors="0" timestamp="2025-05-21T17:05:36 IST" skipped="0">
  <testcase classname="InventoryTests.AddLowestPriceProductToCartTest" name="tc_01_AddLowestPriceProductToCartTest" time="6.135"/>
  <system-out/>
</testsuite> <!-- InventoryTests.AddLowestPriceProductToCartTest -->
