<?xml version="1.0" encoding="UTF-8"?>
<!-- Generated by org.testng.reporters.JUnitReportReporter -->
<testsuite hostname="DESKTOP-EP81H27" failures="0" tests="2" name="InventoryTests.AddLowestPriceProductToCartTest" time="9.016" errors="0" timestamp="2025-05-08T17:40:29 IST" skipped="0">
  <testcase classname="InventoryTests.AddLowestPriceProductToCartTest" name="sample" time="2.129"/>
  <system-out/>
  <testcase classname="InventoryTests.AddLowestPriceProductToCartTest" name="tc_01_AddLowestPriceProductToCartTest" time="6.887"/>
  <system-out/>
</testsuite> <!-- InventoryTests.AddLowestPriceProductToCartTest -->
