<?xml version="1.0" encoding="UTF-8"?>
<!-- Generated by org.testng.reporters.JUnitReportReporter -->
<testsuite hostname="DESKTOP-EP81H27" failures="0" tests="1" name="InventoryTests.AddProductToCartTest" time="3.485" errors="0" timestamp="2025-05-22T15:12:27 IST" skipped="0">
  <testcase classname="InventoryTests.AddProductToCartTest" name="tc_01_AddProductToCartTest" time="3.485"/>
  <system-out/>
</testsuite> <!-- InventoryTests.AddProductToCartTest -->
