<?xml version="1.0" encoding="UTF-8"?>
<!-- Generated by org.testng.reporters.JUnitReportReporter -->
<testsuite hostname="DESKTOP-EP81H27" failures="0" tests="3" name="Practise.TestNGPractiseDataProvider" time="0.098" errors="0" timestamp="2025-04-28T17:57:07 IST" skipped="0">
  <testcase classname="Practise.TestNGPractiseDataProvider" name="createSample" time="0.053"/>
  <system-out/>
  <testcase classname="Practise.TestNGPractiseDataProvider" name="createSample" time="0.038"/>
  <system-out/>
  <testcase classname="Practise.TestNGPractiseDataProvider" name="createSample" time="0.007"/>
  <system-out/>
</testsuite> <!-- Practise.TestNGPractiseDataProvider -->
